Using pre-set license
Built from '2020.3/staging' branch; Version is '2020.3.30f1 (1fb1bf06830e) revision 2077119'; Using compiler version '192528614'; Build Type 'Release'
OS: 'Windows 10  (10.0.19044) 64bit Core' Language: 'es' Physical Memory: 8070 MB
BatchMode: 1, IsHumanControllingUs: 0, StartBugReporterOnCrash: 0, Is64bit: 1, IsPro: 0

COMMAND LINE ARGUMENTS:
E:\Unity\2020.3.30f1\Editor\Unity.exe
-adb2
-batchMode
-noUpm
-name
AssetImportWorker0
-projectPath
E:/vdigl/Documents/Proyectos Unity/My project (1)
-logFile
Logs/AssetImportWorker0.log
-srvPort
49864
Successfully changed project path to: E:/vdigl/Documents/Proyectos Unity/My project (1)
E:/vdigl/Documents/Proyectos Unity/My project (1)
Using Asset Import Pipeline V2.
Refreshing native plugins compatible for Editor in 158.10 ms, found 12 plugins.
Preloading 1 native plugins for Editor in 1.46 ms.
Initialize engine version: 2020.3.30f1 (1fb1bf06830e)
[Subsystems] Discovering subsystems at path E:/Unity/2020.3.30f1/Editor/Data/Resources/UnitySubsystems
[Subsystems] Discovering subsystems at path E:/vdigl/Documents/Proyectos Unity/My project (1)/Assets
GfxDevice: creating device client; threaded=0
Direct3D:
    Version:  Direct3D 11.0 [level 11.1]
    Renderer: NVIDIA GeForce GTX 1050 (ID=0x1c8d)
    Vendor:   
    VRAM:     1977 MB
    Driver:   30.0.14.9709
Shader 'Oculus/OVRMRCameraFrameLit': fallback shader 'Alpha-Diffuse' not found
Initialize mono
Mono path[0] = 'E:/Unity/2020.3.30f1/Editor/Data/Managed'
Mono path[1] = 'E:/Unity/2020.3.30f1/Editor/Data/MonoBleedingEdge/lib/mono/unityjit'
Mono config path = 'E:/Unity/2020.3.30f1/Editor/Data/MonoBleedingEdge/etc'
Using monoOptions --debugger-agent=transport=dt_socket,embedding=1,server=y,suspend=n,address=127.0.0.1:56436
Begin MonoManager ReloadAssembly
Registering precompiled unity dll's ...
Register platform support module: E:/Unity/2020.3.30f1/Editor/Data/PlaybackEngines/WindowsStandaloneSupport/UnityEditor.WindowsStandalone.Extensions.dll
Registered in 0.001238 seconds.
Native extension for WindowsStandalone target not found
Refreshing native plugins compatible for Editor in 124.41 ms, found 12 plugins.
Preloading 1 native plugins for Editor in 0.04 ms.
Mono: successfully reloaded assembly
- Completed reload, in  0.824 seconds
Domain Reload Profiling:
	ReloadAssembly (825ms)
		BeginReloadAssembly (96ms)
			ExecutionOrderSort (0ms)
			DisableScriptedObjects (0ms)
			BackupInstance (0ms)
			ReleaseScriptingObjects (0ms)
			CreateAndSetChildDomain (1ms)
		EndReloadAssembly (648ms)
			LoadAssemblies (95ms)
			RebuildTransferFunctionScriptingTraits (0ms)
			SetupTypeCache (195ms)
			ReleaseScriptCaches (0ms)
			RebuildScriptCaches (44ms)
			SetupLoadedEditorAssemblies (276ms)
				LogAssemblyErrors (0ms)
				InitializePlatformSupportModulesInManaged (5ms)
				SetLoadedEditorAssemblies (0ms)
				RefreshPlugins (125ms)
				BeforeProcessingInitializeOnLoad (15ms)
				ProcessInitializeOnLoadAttributes (98ms)
				ProcessInitializeOnLoadMethodAttributes (33ms)
				AfterProcessingInitializeOnLoad (0ms)
				EditorAssembliesLoaded (1ms)
			ExecutionOrderSort2 (0ms)
			AwakeInstancesAfterBackupRestoration (0ms)
Platform modules already initialized, skipping
Registering precompiled user dll's ...
Registered in 0.010956 seconds.
Begin MonoManager ReloadAssembly
Native extension for WindowsStandalone target not found
Refreshing native plugins compatible for Editor in 146.70 ms, found 12 plugins.
Preloading 1 native plugins for Editor in 0.10 ms.
[XR] OculusXRPlugin: registering subsystems
[XR] Unable to register display lifecyle provider: [1]
[XR] Oculus Input lifecycle provider registered.
[XR] Unable to register input lifecyle provider: [1]
[XR] OVRP version 1.69.0
Mono: successfully reloaded assembly
- Completed reload, in  2.139 seconds
Domain Reload Profiling:
	ReloadAssembly (2140ms)
		BeginReloadAssembly (190ms)
			ExecutionOrderSort (0ms)
			DisableScriptedObjects (5ms)
			BackupInstance (0ms)
			ReleaseScriptingObjects (0ms)
			CreateAndSetChildDomain (21ms)
		EndReloadAssembly (1890ms)
			LoadAssemblies (152ms)
			RebuildTransferFunctionScriptingTraits (0ms)
			SetupTypeCache (473ms)
			ReleaseScriptCaches (1ms)
			RebuildScriptCaches (131ms)
			SetupLoadedEditorAssemblies (858ms)
				LogAssemblyErrors (0ms)
				InitializePlatformSupportModulesInManaged (5ms)
				SetLoadedEditorAssemblies (0ms)
				RefreshPlugins (147ms)
				BeforeProcessingInitializeOnLoad (145ms)
				ProcessInitializeOnLoadAttributes (526ms)
				ProcessInitializeOnLoadMethodAttributes (31ms)
				AfterProcessingInitializeOnLoad (4ms)
				EditorAssembliesLoaded (0ms)
			ExecutionOrderSort2 (0ms)
			AwakeInstancesAfterBackupRestoration (9ms)
Platform modules already initialized, skipping
========================================================================
Worker process is ready to serve import requests
Shader 'Oculus/OVRMRCameraFrameLit': fallback shader 'Alpha-Diffuse' not found
Launched and connected shader compiler UnityShaderCompiler.exe after 0.39 seconds
Refreshing native plugins compatible for Editor in 1.22 ms, found 12 plugins.
Preloading 1 native plugins for Editor in 0.04 ms.
Unloading 3315 Unused Serialized files (Serialized files now loaded: 0)
System memory in use before: 145.9 MB.
System memory in use after: 146.1 MB.

Unloading 69 unused Assets to reduce memory usage. Loaded Objects now: 3711.
Total: 4.054700 ms (FindLiveObjects: 0.275700 ms CreateObjectMapping: 0.152800 ms MarkObjects: 3.469000 ms  DeleteObjects: 0.156200 ms)

AssetImportParameters requested are different than current active one (requested -> active):
  custom:framework-win-MediaFoundation: 216162199b28c13a410421893ffa2e32 -> 
  custom:video-decoder-ogg-theora: a1e56fd34408186e4bbccfd4996cb3dc -> 
  custom:container-muxer-webm: aa71ff27fc2769a1b78a27578f13a17b -> 
  custom:container-demuxer-webm: 4f35f7cbe854078d1ac9338744f61a02 -> 
  custom:container-demuxer-ogg: 62fdf1f143b41e24485cea50d1cbac27 -> 
  custom:video-encoder-webm-vp8: eb34c28f22e8b96e1ab97ce403110664 -> 
  custom:video-codec-MediaFoundation-h265: 746d11721c4dcdbdad8f713fa42b33f4 -> 
  custom:video-decoder-webm-vp8: 9c59270c3fd7afecdb556c50c9e8de78 -> 
  custom:audio-decoder-ogg-vorbis: bf7c407c2cedff20999df2af8eb42d56 -> 
  custom:audio-encoder-webm-vorbis: bf7c407c2cedff20999df2af8eb42d56 -> 
========================================================================
Received Import Request.
  path: Assets/MyScripts/GripManager.cs
  artifactKey: Guid(5e29a46216fdc7e49b665eba36f9cbd7) Importer(815301076,1909f56bfc062723c751e8b465ee728b)
Start importing Assets/MyScripts/GripManager.cs using Guid(5e29a46216fdc7e49b665eba36f9cbd7) Importer(815301076,1909f56bfc062723c751e8b465ee728b)  -> (artifact id: 'ac67137c440ddf71323e7e314044c589') in 0.251546 seconds 
========================================================================
Received Import Request.
  Time since last request: 216.797359 seconds.
  path: Assets/MyScripts/GripManager.cs
  artifactKey: Guid(5e29a46216fdc7e49b665eba36f9cbd7) Importer(815301076,1909f56bfc062723c751e8b465ee728b)
Start importing Assets/MyScripts/GripManager.cs using Guid(5e29a46216fdc7e49b665eba36f9cbd7) Importer(815301076,1909f56bfc062723c751e8b465ee728b)  -> (artifact id: 'e88253fcf6ab66c8b5cf6c074f5556e9') in 0.028146 seconds 
========================================================================
Received Import Request.
  Time since last request: 14.359371 seconds.
  path: Assets/MyScripts
  artifactKey: Guid(a0b15f210ac94be4895b1dca69a5e17d) Importer(815301076,1909f56bfc062723c751e8b465ee728b)
Start importing Assets/MyScripts using Guid(a0b15f210ac94be4895b1dca69a5e17d) Importer(815301076,1909f56bfc062723c751e8b465ee728b)  -> (artifact id: 'fbfab6ab262932ba4a3aa1f527c289a8') in 0.007075 seconds 
========================================================================
Received Import Request.
  Time since last request: 6.211749 seconds.
  path: Assets/MyScripts/NewBehaviourScript.cs
  artifactKey: Guid(f00c535c0f12f7340b33867fa84bc45f) Importer(815301076,1909f56bfc062723c751e8b465ee728b)
Start importing Assets/MyScripts/NewBehaviourScript.cs using Guid(f00c535c0f12f7340b33867fa84bc45f) Importer(815301076,1909f56bfc062723c751e8b465ee728b)  -> (artifact id: 'b38517a4aa32032c15acbeed4e4df03b') in 0.007507 seconds 
========================================================================
Received Import Request.
  Time since last request: 90.818991 seconds.
  path: Assets/MyScripts/NewBehaviourScript.cs
  artifactKey: Guid(f00c535c0f12f7340b33867fa84bc45f) Importer(815301076,1909f56bfc062723c751e8b465ee728b)
Start importing Assets/MyScripts/NewBehaviourScript.cs using Guid(f00c535c0f12f7340b33867fa84bc45f) Importer(815301076,1909f56bfc062723c751e8b465ee728b)  -> (artifact id: 'c9897aaf1621a00627713290b169c735') in 0.019065 seconds 
========================================================================
Received Import Request.
  Time since last request: 33.305730 seconds.
  path: Assets/MyScripts/GripperGoalMsg.cs
  artifactKey: Guid(5e42ab93668e3e84daefa8b5688dddba) Importer(815301076,1909f56bfc062723c751e8b465ee728b)
Start importing Assets/MyScripts/GripperGoalMsg.cs using Guid(5e42ab93668e3e84daefa8b5688dddba) Importer(815301076,1909f56bfc062723c751e8b465ee728b)  -> (artifact id: '65084c3098787f07d937dcad509d9eed') in 0.016912 seconds 
========================================================================
Received Import Request.
  Time since last request: 159.063756 seconds.
  path: Assets/MyScripts/BotHandsLink.cs
  artifactKey: Guid(a4b7ebd6d73a3de4e945b49d852c76c8) Importer(815301076,1909f56bfc062723c751e8b465ee728b)
Start importing Assets/MyScripts/BotHandsLink.cs using Guid(a4b7ebd6d73a3de4e945b49d852c76c8) Importer(815301076,1909f56bfc062723c751e8b465ee728b)  -> (artifact id: '145cc4e1f15f6ef2e72e0fe5687a6236') in 0.011040 seconds 
========================================================================
Received Import Request.
  Time since last request: 21.371312 seconds.
  path: Assets/MyScripts/BotHandsLink.cs
  artifactKey: Guid(a4b7ebd6d73a3de4e945b49d852c76c8) Importer(815301076,1909f56bfc062723c751e8b465ee728b)
Start importing Assets/MyScripts/BotHandsLink.cs using Guid(a4b7ebd6d73a3de4e945b49d852c76c8) Importer(815301076,1909f56bfc062723c751e8b465ee728b)  -> (artifact id: '320eebaa6e968a2df582493aabd294f9') in 0.030989 seconds 
========================================================================
Received Prepare
Registering precompiled user dll's ...
Registered in 1.465829 seconds.
Begin MonoManager ReloadAssembly
Native extension for WindowsStandalone target not found
Refreshing native plugins compatible for Editor in 5.04 ms, found 12 plugins.
Preloading 1 native plugins for Editor in 0.30 ms.
Mono: successfully reloaded assembly
- Completed reload, in  6.005 seconds
Domain Reload Profiling:
	ReloadAssembly (6015ms)
		BeginReloadAssembly (2148ms)
			ExecutionOrderSort (0ms)
			DisableScriptedObjects (231ms)
			BackupInstance (0ms)
			ReleaseScriptingObjects (0ms)
			CreateAndSetChildDomain (295ms)
		EndReloadAssembly (3766ms)
			LoadAssemblies (2981ms)
			RebuildTransferFunctionScriptingTraits (0ms)
			SetupTypeCache (813ms)
			ReleaseScriptCaches (2ms)
			RebuildScriptCaches (187ms)
			SetupLoadedEditorAssemblies (845ms)
				LogAssemblyErrors (0ms)
				InitializePlatformSupportModulesInManaged (16ms)
				SetLoadedEditorAssemblies (2ms)
				RefreshPlugins (6ms)
				BeforeProcessingInitializeOnLoad (226ms)
				ProcessInitializeOnLoadAttributes (480ms)
				ProcessInitializeOnLoadMethodAttributes (107ms)
				AfterProcessingInitializeOnLoad (6ms)
				EditorAssembliesLoaded (1ms)
			ExecutionOrderSort2 (0ms)
			AwakeInstancesAfterBackupRestoration (15ms)
Platform modules already initialized, skipping
Shader 'Oculus/OVRMRCameraFrameLit': fallback shader 'Alpha-Diffuse' not found
Refreshing native plugins compatible for Editor in 1.65 ms, found 12 plugins.
Preloading 1 native plugins for Editor in 0.06 ms.
Unloading 3203 Unused Serialized files (Serialized files now loaded: 0)
System memory in use before: 136.4 MB.
System memory in use after: 136.6 MB.

Unloading 62 unused Assets to reduce memory usage. Loaded Objects now: 3715.
Total: 74.559900 ms (FindLiveObjects: 10.563900 ms CreateObjectMapping: 0.283600 ms MarkObjects: 63.524100 ms  DeleteObjects: 0.186400 ms)

AssetImportParameters requested are different than current active one (requested -> active):
  custom:framework-win-MediaFoundation: 216162199b28c13a410421893ffa2e32 -> 
  custom:video-decoder-ogg-theora: a1e56fd34408186e4bbccfd4996cb3dc -> 
  custom:container-muxer-webm: aa71ff27fc2769a1b78a27578f13a17b -> 
  custom:container-demuxer-webm: 4f35f7cbe854078d1ac9338744f61a02 -> 
  custom:container-demuxer-ogg: 62fdf1f143b41e24485cea50d1cbac27 -> 
  custom:video-encoder-webm-vp8: eb34c28f22e8b96e1ab97ce403110664 -> 
  custom:video-codec-MediaFoundation-h265: 746d11721c4dcdbdad8f713fa42b33f4 -> 
  custom:video-decoder-webm-vp8: 9c59270c3fd7afecdb556c50c9e8de78 -> 
  custom:audio-decoder-ogg-vorbis: bf7c407c2cedff20999df2af8eb42d56 -> 
  custom:audio-encoder-webm-vorbis: bf7c407c2cedff20999df2af8eb42d56 -> 
========================================================================
Received Import Request.
  Time since last request: 107.319908 seconds.
  path: Assets/MyScripts/NewBehaviourScript.cs
  artifactKey: Guid(f00c535c0f12f7340b33867fa84bc45f) Importer(815301076,1909f56bfc062723c751e8b465ee728b)
Start importing Assets/MyScripts/NewBehaviourScript.cs using Guid(f00c535c0f12f7340b33867fa84bc45f) Importer(815301076,1909f56bfc062723c751e8b465ee728b)  -> (artifact id: '2cb7e437a177074229d1c75d7d80a5b1') in 0.017685 seconds 
========================================================================
Received Import Request.
  Time since last request: 8.630459 seconds.
  path: Assets/MyScripts/GripManager.cs
  artifactKey: Guid(5e29a46216fdc7e49b665eba36f9cbd7) Importer(815301076,1909f56bfc062723c751e8b465ee728b)
Start importing Assets/MyScripts/GripManager.cs using Guid(5e29a46216fdc7e49b665eba36f9cbd7) Importer(815301076,1909f56bfc062723c751e8b465ee728b)  -> (artifact id: 'b091b77b7e22576c0050aa8b10d11ef5') in 0.007712 seconds 
========================================================================
Received Prepare
Registering precompiled user dll's ...
Registered in 5.032083 seconds.
Begin MonoManager ReloadAssembly
Native extension for WindowsStandalone target not found
Refreshing native plugins compatible for Editor in 1.56 ms, found 12 plugins.
Preloading 1 native plugins for Editor in 0.09 ms.
Mono: successfully reloaded assembly
- Completed reload, in  1.421 seconds
Domain Reload Profiling:
	ReloadAssembly (1422ms)
		BeginReloadAssembly (150ms)
			ExecutionOrderSort (0ms)
			DisableScriptedObjects (5ms)
			BackupInstance (0ms)
			ReleaseScriptingObjects (0ms)
			CreateAndSetChildDomain (43ms)
		EndReloadAssembly (1216ms)
			LoadAssemblies (147ms)
			RebuildTransferFunctionScriptingTraits (0ms)
			SetupTypeCache (400ms)
			ReleaseScriptCaches (2ms)
			RebuildScriptCaches (49ms)
			SetupLoadedEditorAssemblies (372ms)
				LogAssemblyErrors (0ms)
				InitializePlatformSupportModulesInManaged (3ms)
				SetLoadedEditorAssemblies (1ms)
				RefreshPlugins (2ms)
				BeforeProcessingInitializeOnLoad (92ms)
				ProcessInitializeOnLoadAttributes (253ms)
				ProcessInitializeOnLoadMethodAttributes (17ms)
				AfterProcessingInitializeOnLoad (3ms)
				EditorAssembliesLoaded (1ms)
			ExecutionOrderSort2 (0ms)
			AwakeInstancesAfterBackupRestoration (7ms)
Platform modules already initialized, skipping
Switching build target platform(19) subTarget(0) extendedPlatform(0) -> platform(13) subTarget(524288) extendedPlatform(0)
Shader 'Oculus/OVRMRCameraFrameLit': fallback shader 'Alpha-Diffuse' not found
Refreshing native plugins compatible for Editor in 1.87 ms, found 12 plugins.
Preloading 1 native plugins for Editor in 0.04 ms.
Unloading 3207 Unused Serialized files (Serialized files now loaded: 0)
System memory in use before: 135.0 MB.
System memory in use after: 135.2 MB.

Unloading 62 unused Assets to reduce memory usage. Loaded Objects now: 3718.
Total: 4.156100 ms (FindLiveObjects: 0.385700 ms CreateObjectMapping: 0.204000 ms MarkObjects: 3.493800 ms  DeleteObjects: 0.071700 ms)

AssetImportParameters requested are different than current active one (requested -> active):
  custom:framework-win-MediaFoundation: 216162199b28c13a410421893ffa2e32 -> 
  custom:video-decoder-ogg-theora: a1e56fd34408186e4bbccfd4996cb3dc -> 
  custom:container-muxer-webm: aa71ff27fc2769a1b78a27578f13a17b -> 
  custom:container-demuxer-webm: 4f35f7cbe854078d1ac9338744f61a02 -> 
  custom:container-demuxer-ogg: 62fdf1f143b41e24485cea50d1cbac27 -> 
  custom:video-encoder-webm-vp8: eb34c28f22e8b96e1ab97ce403110664 -> 
  custom:video-codec-MediaFoundation-h265: 746d11721c4dcdbdad8f713fa42b33f4 -> 
  custom:video-decoder-webm-vp8: 9c59270c3fd7afecdb556c50c9e8de78 -> 
  custom:graphics/normal-map-encoding: 01000000000000000000000000000000 -> 02000000000000000000000000000000
  custom:audio-decoder-ogg-vorbis: bf7c407c2cedff20999df2af8eb42d56 -> 
  custom:audio-encoder-webm-vorbis: bf7c407c2cedff20999df2af8eb42d56 -> 
========================================================================
Received Prepare
Shader 'Oculus/OVRMRCameraFrameLit': fallback shader 'Alpha-Diffuse' not found
Refreshing native plugins compatible for Editor in 16.78 ms, found 12 plugins.
Preloading 1 native plugins for Editor in 0.03 ms.
Unloading 59 Unused Serialized files (Serialized files now loaded: 0)
System memory in use before: 72.7 MB.
System memory in use after: 72.9 MB.

Unloading 59 unused Assets to reduce memory usage. Loaded Objects now: 3718.
Total: 4.055800 ms (FindLiveObjects: 0.489000 ms CreateObjectMapping: 0.237400 ms MarkObjects: 3.267400 ms  DeleteObjects: 0.061200 ms)

AssetImportParameters requested are different than current active one (requested -> active):
  custom:framework-win-MediaFoundation: 216162199b28c13a410421893ffa2e32 -> 
  custom:video-decoder-ogg-theora: a1e56fd34408186e4bbccfd4996cb3dc -> 
  custom:container-muxer-webm: aa71ff27fc2769a1b78a27578f13a17b -> 
  custom:container-demuxer-webm: 4f35f7cbe854078d1ac9338744f61a02 -> 
  custom:container-demuxer-ogg: 62fdf1f143b41e24485cea50d1cbac27 -> 
  custom:video-encoder-webm-vp8: eb34c28f22e8b96e1ab97ce403110664 -> 
  custom:video-codec-MediaFoundation-h265: 746d11721c4dcdbdad8f713fa42b33f4 -> 
  custom:video-decoder-webm-vp8: 9c59270c3fd7afecdb556c50c9e8de78 -> 
  custom:audio-decoder-ogg-vorbis: bf7c407c2cedff20999df2af8eb42d56 -> 
  custom:audio-encoder-webm-vorbis: bf7c407c2cedff20999df2af8eb42d56 -> 
AssetImportWorkerClient::OnTransportError - code=2 error=End of file
